<?xml version="1.0" encoding="UTF-8"?>
<testsuite name="skeleton.RunCukesTest" tests="0" skipped="0" failures="0" errors="0" timestamp="1970-01-01T00:00:00" hostname="mallikarjun-PC" time="0.0">
  <properties/>
  <system-out><![CDATA[Feature: Testing the developed page

  Scenario: when i visit the devotional page ?[90m# skeleton/belly.feature:3?[0m
    ?[31mGiven ?[0m?[31mI am on the devotional web site?[0m    ?[90m# Stepdefs.shouldnavigatetoDevlotionalsite()?[0m
      ?[31morg.openqa.selenium.WebDriverException: Cannot find firefox binary in PATH. Make sure firefox is installed. OS appears to be: XP
      System info: os.name: 'Windows 7', os.arch: 'amd64', os.version: '6.1', java.version: '1.8.0_91'
      Driver info: driver.version: firefox
      	at org.openqa.selenium.firefox.internal.Executable.<init>(Executable.java:48)
      	at org.openqa.selenium.firefox.FirefoxBinary.<init>(FirefoxBinary.java:54)
      	at org.openqa.selenium.firefox.FirefoxBinary.<init>(FirefoxBinary.java:50)
      	at org.openqa.selenium.firefox.FirefoxDriver.<init>(FirefoxDriver.java:89)
      	at skeleton.Stepdefs.shouldnavigatetoDevlotionalsite(Stepdefs.java:24)
      	at ?.Given I am on the devotional web site(skeleton/belly.feature:4)
      ?[0m
    ?[36mWhen ?[0m?[36mI went to visit us at page?[0m          ?[90m# Stepdefs.i_went_to_visit_us_at_page()?[0m
    ?[36mThen ?[0m?[36mclosed the page?[0m                     ?[90m# Stepdefs.closed_the_page()?[0m

?[31mFailed scenarios:?[0m
?[31mskeleton/belly.feature:3 ?[0m# Scenario: when i visit the devotional page

1 Scenarios (?[31m1 failed?[0m)
3 Steps (?[31m1 failed?[0m, ?[36m2 skipped?[0m)
0m0.809s

org.openqa.selenium.WebDriverException: Cannot find firefox binary in PATH. Make sure firefox is installed. OS appears to be: XP
System info: os.name: 'Windows 7', os.arch: 'amd64', os.version: '6.1', java.version: '1.8.0_91'
Driver info: driver.version: firefox
	at org.openqa.selenium.firefox.internal.Executable.<init>(Executable.java:48)
	at org.openqa.selenium.firefox.FirefoxBinary.<init>(FirefoxBinary.java:54)
	at org.openqa.selenium.firefox.FirefoxBinary.<init>(FirefoxBinary.java:50)
	at org.openqa.selenium.firefox.FirefoxDriver.<init>(FirefoxDriver.java:89)
	at skeleton.Stepdefs.shouldnavigatetoDevlotionalsite(Stepdefs.java:24)
	at ?.Given I am on the devotional web site(skeleton/belly.feature:4)

]]></system-out>
  <system-err><![CDATA[]]></system-err>
</testsuite>
